<?xml version="1.0" encoding="UTF-8"?>
<!-- Generated by org.testng.reporters.JUnitReportReporter -->
<testsuite hostname="DESKTOP-5AST0QG" failures="0" tests="1" name="done.mm.qa.testcases.PutApiSample" time="4.581" errors="0" timestamp="2023-06-20T16:20:21 IST" skipped="0">
  <testcase classname="done.mm.qa.testcases.PutApiSample" name="Put" time="4.581"/>
  <system-out/>
</testsuite> <!-- done.mm.qa.testcases.PutApiSample -->
