<?xml version="1.0" encoding="UTF-8"?>
<!-- Generated by org.testng.reporters.JUnitReportReporter -->
<testsuite hostname="DESKTOP-5AST0QG" failures="0" tests="1" name="done.mm.qa.testcases.PatchApiSample" time="4.444" errors="0" timestamp="2023-06-20T16:30:45 IST" skipped="0">
  <testcase classname="done.mm.qa.testcases.PatchApiSample" name="Put" time="4.444"/>
  <system-out/>
</testsuite> <!-- done.mm.qa.testcases.PatchApiSample -->
