<?xml version="1.0" encoding="UTF-8"?>
<!-- Generated by org.testng.reporters.JUnitReportReporter -->
<testsuite hostname="DESKTOP-5AST0QG" failures="0" tests="1" name="done.mm.qa.testcases.CreatePCTest" time="2.074" errors="0" timestamp="2023-06-19T18:12:12 IST" skipped="0">
  <testcase classname="done.mm.qa.testcases.CreatePCTest" name="createMasterTest" time="2.074"/>
  <system-out/>
</testsuite> <!-- done.mm.qa.testcases.CreatePCTest -->
