<?xml version="1.0" encoding="UTF-8"?>
<!-- Generated by org.testng.reporters.JUnitReportReporter -->
<testsuite hostname="DESKTOP-5AST0QG" failures="0" tests="1" name="done.mm.qa.testcases.DeleteApiSample" time="2.646" errors="0" timestamp="2023-06-20T16:37:13 IST" skipped="0">
  <testcase classname="done.mm.qa.testcases.DeleteApiSample" name="Delete" time="2.646"/>
  <system-out/>
</testsuite> <!-- done.mm.qa.testcases.DeleteApiSample -->
