<?xml version="1.0" encoding="UTF-8"?>
<!-- Generated by org.testng.reporters.JUnitReportReporter -->
<testsuite hostname="DESKTOP-5AST0QG" failures="0" tests="1" name="done.mm.qa.testcases.CreateNewPCTest" time="28.727" errors="0" timestamp="2023-02-17T11:46:36 IST" skipped="0">
  <testcase classname="done.mm.qa.testcases.CreateNewPCTest" name="createNewPc" time="28.727"/>
  <system-out/>
</testsuite> <!-- done.mm.qa.testcases.CreateNewPCTest -->
