<?xml version="1.0" encoding="UTF-8"?>
<!-- Generated by org.testng.reporters.JUnitReportReporter -->
<testsuite skipped="0" hostname="DESKTOP-5AST0QG" name="done.mm.qa.testcases.restassured.GetApiSampleTest" tests="1" failures="0" timestamp="2023-06-22T13:59:36 IST" time="4.641" errors="0">
  <testcase name="Get" time="4.641" classname="done.mm.qa.testcases.restassured.GetApiSampleTest"/>
  <system-out/>
</testsuite> <!-- done.mm.qa.testcases.restassured.GetApiSampleTest -->
